<?xml version="1.0" encoding="UTF-8"?>
<testsuite xmlns:xsi="http://www.w3.org/2001/XMLSchema-instance" xsi:noNamespaceSchemaLocation="https://maven.apache.org/surefire/maven-surefire-plugin/xsd/surefire-test-report.xsd" name="com.leyou.upload.FdfsTest" time="46.306" tests="2" errors="0" skipped="0" failures="0">
  <properties>
[...]
</properties>
  <testcase name="testUploadThumb" classname="com.leyou.upload.FdfsTest" time="4.816"/>
  <testcase name="testUpload" classname="com.leyou.upload.FdfsTest" time="0.068"/>
</testsuite>